<?xml version="1.0" encoding="UTF-8" ?>
<testsuite tests="4" failures="0" name="com.privalia.business.integration.test.CalculatorTest" time="0.017" errors="0" skipped="0">
  <properties>
[...]
</properties>
  <testcase classname="com.privalia.business.integration.test.CalculatorTest" name="testSum" time="0.017"/>
  <testcase classname="com.privalia.business.integration.test.CalculatorTest" name="testSubstract" time="0"/>
  <testcase classname="com.privalia.business.integration.test.CalculatorTest" name="testDivide" time="0"/>
  <testcase classname="com.privalia.business.integration.test.CalculatorTest" name="testMultiply" time="0"/>
</testsuite>